<?xml version="1.0" encoding="utf-8"?><testsuites><testsuite name="pytest" errors="0" failures="0" skipped="0" tests="57" time="0.252" timestamp="2025-05-26T19:43:54.913438" hostname="Sabinas-MacBook-Pro.local"><testcase classname="tests.test_integration.TestUserMeetingIntegration" name="test_complete_meeting_flow" time="0.007" /><testcase classname="tests.test_integration.TestUserMeetingIntegration" name="test_multiple_meetings_same_host" time="0.003" /><testcase classname="tests.test_integration.TestUserMeetingIntegration" name="test_user_joins_multiple_meetings" time="0.004" /><testcase classname="tests.test_integration.TestErrorScenarios" name="test_join_meeting_after_ended" time="0.003" /><testcase classname="tests.test_integration.TestErrorScenarios" name="test_concurrent_user_creation" time="0.001" /><testcase classname="tests.test_integration.TestErrorScenarios" name="test_invalid_data_types" time="0.005" /><testcase classname="tests.test_integration.TestSocketIntegration" name="test_socket_join_with_valid_meeting" time="0.003" /><testcase classname="tests.test_integration.TestSocketIntegration" name="test_end_meeting_socket_vs_rest" time="0.002" /><testcase classname="tests.test_integration.TestSocketIntegration" name="test_chat_message_flow" time="0.003" /><testcase classname="tests.test_integration.TestPerformanceScenarios" name="test_large_meeting_participants" time="0.018" /><testcase classname="tests.test_integration.TestPerformanceScenarios" name="test_rapid_join_leave_sequence" time="0.005" /><testcase classname="tests.test_meeting_api.TestMeetingAPI" name="test_create_meeting_success" time="0.001" /><testcase classname="tests.test_meeting_api.TestMeetingAPI" name="test_create_meeting_without_name" time="0.001" /><testcase classname="tests.test_meeting_api.TestMeetingAPI" name="test_create_meeting_missing_host_id" time="0.001" /><testcase classname="tests.test_meeting_api.TestMeetingAPI" name="test_join_meeting_success" time="0.002" /><testcase classname="tests.test_meeting_api.TestMeetingAPI" name="test_join_meeting_already_participant" time="0.002" /><testcase classname="tests.test_meeting_api.TestMeetingAPI" name="test_join_nonexistent_meeting" time="0.001" /><testcase classname="tests.test_meeting_api.TestMeetingAPI" name="test_join_inactive_meeting" time="0.001" /><testcase classname="tests.test_meeting_api.TestMeetingAPI" name="test_end_meeting_success" time="0.002" /><testcase classname="tests.test_meeting_api.TestMeetingAPI" name="test_end_meeting_non_host" time="0.002" /><testcase classname="tests.test_meeting_api.TestMeetingAPI" name="test_leave_meeting_success" time="0.002" /><testcase classname="tests.test_meeting_api.TestMeetingAPI" name="test_get_participants_success" time="0.002" /><testcase classname="tests.test_meeting_api.TestMeetingAPI" name="test_is_host_check_true" time="0.002" /><testcase classname="tests.test_meeting_api.TestMeetingAPI" name="test_is_host_check_false" time="0.001" /><testcase classname="tests.test_meeting_api.TestMeetingEdgeCases" name="test_invalid_meeting_id_format" time="0.001" /><testcase classname="tests.test_meeting_api.TestMeetingEdgeCases" name="test_empty_user_id_join" time="0.001" /><testcase classname="tests.test_socket_events.TestSocketConnection" name="test_client_connect" time="0.001" /><testcase classname="tests.test_socket_events.TestSocketConnection" name="test_client_disconnect" time="0.002" /><testcase classname="tests.test_socket_events.TestMeetingRoomEvents" name="test_join_room_success" time="0.001" /><testcase classname="tests.test_socket_events.TestMeetingRoomEvents" name="test_join_room_with_existing_participants" time="0.001" /><testcase classname="tests.test_socket_events.TestMeetingRoomEvents" name="test_leave_room_success" time="0.002" /><testcase classname="tests.test_socket_events.TestMeetingRoomEvents" name="test_end_meeting_by_host" time="0.002" /><testcase classname="tests.test_socket_events.TestMeetingRoomEvents" name="test_end_meeting_by_non_host" time="0.001" /><testcase classname="tests.test_socket_events.TestWebRTCSignaling" name="test_offer_event" time="0.001" /><testcase classname="tests.test_socket_events.TestWebRTCSignaling" name="test_answer_event" time="0.001" /><testcase classname="tests.test_socket_events.TestWebRTCSignaling" name="test_ice_candidate_event" time="0.001" /><testcase classname="tests.test_socket_events.TestWebRTCSignaling" name="test_offer_without_target" time="0.001" /><testcase classname="tests.test_socket_events.TestMediaStatusEvents" name="test_media_status_update" time="0.001" /><testcase classname="tests.test_socket_events.TestMediaStatusEvents" name="test_media_status_partial_update" time="0.001" /><testcase classname="tests.test_socket_events.TestMediaStatusEvents" name="test_media_status_without_room" time="0.001" /><testcase classname="tests.test_socket_events.TestChatEvents" name="test_send_chat_message" time="0.001" /><testcase classname="tests.test_socket_events.TestChatEvents" name="test_send_empty_message" time="0.001" /><testcase classname="tests.test_socket_events.TestChatEvents" name="test_send_message_without_room" time="0.001" /><testcase classname="tests.test_socket_events.TestChatEvents" name="test_send_message_with_special_characters" time="0.001" /><testcase classname="tests.test_socket_events.TestSocketErrorHandling" name="test_malformed_join_data" time="0.001" /><testcase classname="tests.test_socket_events.TestSocketErrorHandling" name="test_none_values_in_events" time="0.001" /><testcase classname="tests.test_socket_events.TestSocketErrorHandling" name="test_missing_event_data" time="0.001" /><testcase classname="tests.test_user_api.TestUserAPI" name="test_create_user_success" time="0.001" /><testcase classname="tests.test_user_api.TestUserAPI" name="test_create_user_without_display_name" time="0.001" /><testcase classname="tests.test_user_api.TestUserAPI" name="test_create_user_duplicate_username" time="0.002" /><testcase classname="tests.test_user_api.TestUserAPI" name="test_create_user_missing_username" time="0.001" /><testcase classname="tests.test_user_api.TestUserAPI" name="test_get_user_success" time="0.002" /><testcase classname="tests.test_user_api.TestUserAPI" name="test_get_user_not_found" time="0.001" /><testcase classname="tests.test_user_api.TestUserAPI" name="test_get_user_empty_username" time="0.001" /><testcase classname="tests.test_user_api.TestUserDataValidation" name="test_user_creation_with_special_characters" time="0.002" /><testcase classname="tests.test_user_api.TestUserDataValidation" name="test_user_creation_long_username" time="0.001" /><testcase classname="tests.test_user_api.TestUserDataValidation" name="test_user_creation_with_none_values" time="0.001" /></testsuite></testsuites>